        -:    0:Source:/home/qpalzmm22/FuzzingStudy/My Fuzzer/target/cgi_decode_ex.c
        -:    0:Graph:cgi_decode_ex.gcno
        -:    0:Data:cgi_decode_ex.gcda
        -:    0:Runs:1
        -:    1:/* CGI decoding as C program */
        -:    2:
        -:    3:#include <stdlib.h>
        -:    4:#include <string.h>
        -:    5:#include <stdio.h>
        -:    6:
        -:    7:int hex_values[256];
        -:    8:
        1:    9:void init_hex_values() {
      257:   10:    for (int i = 0; i < sizeof(hex_values) / sizeof(int); i++) {
      256:   11:        hex_values[i] = -1;
        -:   12:    }
        1:   13:    hex_values['0'] = 0; hex_values['1'] = 1; hex_values['2'] = 2; hex_values['3'] = 3;
        1:   14:    hex_values['4'] = 4; hex_values['5'] = 5; hex_values['6'] = 6; hex_values['7'] = 7;
        1:   15:    hex_values['8'] = 8; hex_values['9'] = 9;
        -:   16:
        1:   17:    hex_values['a'] = 10; hex_values['b'] = 11; hex_values['c'] = 12; hex_values['d'] = 13;
        1:   18:    hex_values['e'] = 14; hex_values['f'] = 15;
        -:   19:
        1:   20:    hex_values['A'] = 10; hex_values['B'] = 11; hex_values['C'] = 12; hex_values['D'] = 13;
        1:   21:    hex_values['E'] = 14; hex_values['F'] = 15;
        1:   22:}
        1:   23:int cgi_decode(char *s, char *t) {
       24:   24:    while (*s != '\0') {
       23:   25:        if (*s == '+')
    #####:   26:            *t++ = ' ';
      23*:   27:        else if ( *(s+1) != '\0' && *(s+2) != '\0' &&*s == '%') {
    #####:   28:            int digit_high = *++s;
    #####:   29:            int digit_low = *++s;
    #####:   30:            if (hex_values[digit_high] >= 0 && hex_values[digit_low] >= 0) {
    #####:   31:                *t++ = hex_values[digit_high] * 16 + hex_values[digit_low];
        -:   32:            }
        -:   33:            else
    #####:   34:                return -1;
        -:   35:        }
        -:   36:        else
       23:   37:            *t++ = *s;
       23:   38:        s++;
        -:   39:    }
        1:   40:    *t = '\0';
        1:   41:    return 0;
        -:   42:}
        -:   43:
        1:   44:int main(int argc, char *argv[]) {
        1:   45:    init_hex_values();
        -:   46:
        1:   47:    if (argc >= 2) {
        1:   48:        char *s = argv[1];
        1:   49:        char *t = malloc(strlen(s) + 1); /* output is at most as long as input */
        1:   50:        int ret = cgi_decode(s, t);
        1:   51:        printf("%s\n", t);
        1:   52:        free(t);
        1:   53:        return ret;
        -:   54:    }
        -:   55:    else
        -:   56:    {
    #####:   57:        printf("cgi_decode: usage: cgi_decode STRING\n");
    #####:   58:        return 1;
        -:   59:    }
        -:   60:}
